2022-08-04 17:55:52 [nodeJS-login] info: hihi
2022-08-04 17:55:52 [nodeJS-login] info: hello
2022-08-04 17:55:52 [nodeJS-login] error: bye
2022-08-04 17:56:51 [nodeJS-login] [32minfo[39m: hihi
2022-08-04 17:56:51 [nodeJS-login] [32minfo[39m: hello
2022-08-04 17:56:51 [nodeJS-login] [31merror[39m: bye
2022-08-04 17:57:22 [nodeJS-login] info: hihi
2022-08-04 17:57:22 [nodeJS-login] info: hello
2022-08-04 17:57:22 [nodeJS-login] error: bye
2022-08-04 18:01:32 [nodeJS-login] info: hihi
2022-08-04 18:01:32 [nodeJS-login] info: hello
2022-08-04 18:01:32 [nodeJS-login] error: bye
2022-08-04 18:02:00 [nodeJS-login] info: hihi
2022-08-04 18:02:00 [nodeJS-login] info: hello
2022-08-04 18:02:00 [nodeJS-login] error: bye
2022-08-04 18:02:29 [nodeJS-login] info: hihi
2022-08-04 18:02:29 [nodeJS-login] info: hello
2022-08-04 18:02:29 [nodeJS-login] error: bye
2022-08-04 18:02:45 [nodeJS-login] info: hihi
2022-08-04 18:02:45 [nodeJS-login] info: hello
2022-08-04 18:02:45 [nodeJS-login] error: bye
2022-08-04 18:05:05 [nodeJS-login] info: hihi
2022-08-04 18:05:05 [nodeJS-login] info: hello
2022-08-04 18:05:05 [nodeJS-login] error: bye
