[0mPOST /login [32m200[0m 8.586 ms - 73[0m
[0mGET /register [36m304[0m 22.886 ms - -[0m
[0mGET /login [32m200[0m 7.931 ms - 816[0m
::1 - - [04/Aug/2022:05:38:06 +0000] "POST /login HTTP/1.1" 200 73
::1 - - [04/Aug/2022:05:38:10 +0000] "GET /register HTTP/1.1" 304 -
::1 - - [04/Aug/2022:05:38:12 +0000] "GET /login HTTP/1.1" 200 816
::1 - - [05/Aug/2022:01:33:33 +0000] "GET / HTTP/1.1" 304 -
::1 - - [05/Aug/2022:01:33:35 +0000] "GET /favicon.ico HTTP/1.1" 404 150
::1 - - [05/Aug/2022:01:33:44 +0000] "GET /login HTTP/1.1" 304 -
::1 - - [05/Aug/2022:01:33:44 +0000] "GET /js/home/login.js HTTP/1.1" 304 -
::1 - - [05/Aug/2022:01:33:44 +0000] "GET /css/home/login.css HTTP/1.1" 304 -
::1 - - [05/Aug/2022:01:33:52 +0000] "GET /register HTTP/1.1" 304 -
::1 - - [05/Aug/2022:01:33:52 +0000] "GET /css/home/login.css HTTP/1.1" 304 -
::1 - - [05/Aug/2022:01:33:52 +0000] "GET /js/home/register.js HTTP/1.1" 304 -
::1 - - [05/Aug/2022:01:33:55 +0000] "GET /login HTTP/1.1" 304 -
::1 - - [05/Aug/2022:01:33:55 +0000] "GET /css/home/login.css HTTP/1.1" 304 -
::1 - - [05/Aug/2022:01:33:55 +0000] "GET /js/home/login.js HTTP/1.1" 304 -
::1 - - [05/Aug/2022:01:33:58 +0000] "POST /login HTTP/1.1" 200 16
::1 - - [05/Aug/2022:01:33:58 +0000] "GET / HTTP/1.1" 304 -
::1 - - [05/Aug/2022:01:36:28 +0000] "GET /login HTTP/1.1" 200 816
::1 - - [05/Aug/2022:01:36:28 +0000] "GET /css/home/login.css HTTP/1.1" 304 -
::1 - - [05/Aug/2022:01:36:28 +0000] "GET /js/home/login.js HTTP/1.1" 304 -
::1 - - [05/Aug/2022:01:36:38 +0000] "POST /login HTTP/1.1" 200 45
::1 - - [05/Aug/2022:01:36:38 +0000] "GET / HTTP/1.1" 304 -
::1 - - [05/Aug/2022:01:36:48 +0000] "GET /login HTTP/1.1" 200 816
::1 - - [05/Aug/2022:01:36:48 +0000] "GET /css/home/login.css HTTP/1.1" 304 -
::1 - - [05/Aug/2022:01:36:48 +0000] "GET /js/home/login.js HTTP/1.1" 304 -
::1 - - [05/Aug/2022:01:36:51 +0000] "POST /login HTTP/1.1" 200 66
::1 - - [05/Aug/2022:01:38:16 +0000] "GET /register HTTP/1.1" 304 -
::1 - - [05/Aug/2022:01:38:16 +0000] "GET /css/home/login.css HTTP/1.1" 304 -
::1 - - [05/Aug/2022:01:38:16 +0000] "GET /js/home/register.js HTTP/1.1" 304 -
::1 - - [05/Aug/2022:01:38:23 +0000] "POST /register HTTP/1.1" 200 41
::1 - - [05/Aug/2022:01:38:23 +0000] "GET /login HTTP/1.1" 200 816
::1 - - [05/Aug/2022:01:38:23 +0000] "GET /css/home/login.css HTTP/1.1" 304 -
::1 - - [05/Aug/2022:01:38:23 +0000] "GET /js/home/login.js HTTP/1.1" 304 -
::1 - - [05/Aug/2022:01:38:34 +0000] "POST /login HTTP/1.1" 200 45
::1 - - [05/Aug/2022:01:38:34 +0000] "GET / HTTP/1.1" 304 -
::1 - - [05/Aug/2022:01:38:35 +0000] "GET /login HTTP/1.1" 200 816
::1 - - [05/Aug/2022:01:38:35 +0000] "GET /css/home/login.css HTTP/1.1" 304 -
::1 - - [05/Aug/2022:01:38:35 +0000] "GET /js/home/login.js HTTP/1.1" 304 -
::1 - - [05/Aug/2022:01:38:36 +0000] "GET /register HTTP/1.1" 200 968
::1 - - [05/Aug/2022:01:38:36 +0000] "GET /css/home/login.css HTTP/1.1" 304 -
::1 - - [05/Aug/2022:01:38:36 +0000] "GET /js/home/register.js HTTP/1.1" 304 -
::1 - - [05/Aug/2022:01:38:41 +0000] "POST /register HTTP/1.1" 200 95
::1 - - [05/Aug/2022:02:09:10 +0000] "GET /login HTTP/1.1" 304 -
::1 - - [05/Aug/2022:02:09:10 +0000] "GET /css/home/login.css HTTP/1.1" 304 -
::1 - - [05/Aug/2022:02:09:10 +0000] "GET /js/home/login.js HTTP/1.1" 304 -
::1 - - [05/Aug/2022:02:09:12 +0000] "POST /login HTTP/1.1" 200 73
::1 - - [05/Aug/2022:02:11:14 +0000] "POST /login HTTP/1.1" 200 73
::1 - - [05/Aug/2022:02:12:25 +0000] "POST /login HTTP/1.1" 200 73
::1 - - [05/Aug/2022:02:12:27 +0000] "GET /login HTTP/1.1" 200 816
::1 - - [05/Aug/2022:02:12:27 +0000] "GET /css/home/login.css HTTP/1.1" 304 -
::1 - - [05/Aug/2022:02:12:27 +0000] "GET /js/home/login.js HTTP/1.1" 200 958
::1 - - [05/Aug/2022:03:24:48 +0000] "POST /login HTTP/1.1" 200 87
::1 - - [05/Aug/2022:03:26:09 +0000] "GET /login HTTP/1.1" 200 816
::1 - - [05/Aug/2022:03:26:09 +0000] "GET /css/home/login.css HTTP/1.1" 304 -
::1 - - [05/Aug/2022:03:26:09 +0000] "GET /js/home/login.js HTTP/1.1" 200 985
::1 - - [05/Aug/2022:03:26:11 +0000] "POST /login HTTP/1.1" 200 83
::ffff:127.0.0.1 - - [05/Aug/2022:03:26:49 +0000] "POST /login HTTP/1.1" 200 83
::1 - - [05/Aug/2022:03:27:04 +0000] "POST /login HTTP/1.1" 200 66
::ffff:127.0.0.1 - - [05/Aug/2022:03:27:12 +0000] "POST /login HTTP/1.1" 200 26
::ffff:127.0.0.1 - - [05/Aug/2022:03:29:32 +0000] "POST /login HTTP/1.1" 200 33
::ffff:127.0.0.1 - - [05/Aug/2022:03:29:35 +0000] "GET /login HTTP/1.1" 200 816
::ffff:127.0.0.1 - - [05/Aug/2022:03:29:35 +0000] "GET /css/home/login.css HTTP/1.1" 304 -
::ffff:127.0.0.1 - - [05/Aug/2022:03:29:35 +0000] "GET /js/home/login.js HTTP/1.1" 304 -
::ffff:127.0.0.1 - - [05/Aug/2022:03:29:38 +0000] "POST /login HTTP/1.1" 200 33
::1 - - [05/Aug/2022:03:30:14 +0000] "GET /login HTTP/1.1" 200 816
::1 - - [05/Aug/2022:03:30:14 +0000] "GET /css/home/login.css HTTP/1.1" 304 -
::1 - - [05/Aug/2022:03:30:14 +0000] "GET /js/home/login.js HTTP/1.1" 304 -
::1 - - [05/Aug/2022:03:30:17 +0000] "POST /login HTTP/1.1" 200 33
::1 - - [05/Aug/2022:03:30:20 +0000] "POST /login HTTP/1.1" 200 33
::1 - - [05/Aug/2022:03:31:18 +0000] "GET /login HTTP/1.1" 200 816
::1 - - [05/Aug/2022:03:31:18 +0000] "GET /css/home/login.css HTTP/1.1" 304 -
::1 - - [05/Aug/2022:03:31:19 +0000] "GET /js/home/login.js HTTP/1.1" 304 -
::1 - - [05/Aug/2022:03:31:20 +0000] "POST /login HTTP/1.1" 200 73
::ffff:127.0.0.1 - - [05/Aug/2022:03:31:26 +0000] "POST /login HTTP/1.1" 200 66
::1 - - [05/Aug/2022:03:31:42 +0000] "GET /login HTTP/1.1" 200 816
::1 - - [05/Aug/2022:03:31:42 +0000] "GET /css/home/login.css HTTP/1.1" 304 -
::1 - - [05/Aug/2022:03:31:42 +0000] "GET /js/home/login.js HTTP/1.1" 304 -
::1 - - [05/Aug/2022:03:31:45 +0000] "POST /login HTTP/1.1" 200 83
::1 - - [05/Aug/2022:03:34:53 +0000] "GET /register HTTP/1.1" 200 968
::1 - - [05/Aug/2022:03:34:53 +0000] "GET /css/home/login.css HTTP/1.1" 304 -
::ffff:127.0.0.1 - - [05/Aug/2022:03:34:53 +0000] "GET /js/home/register.js HTTP/1.1" 200 1223
::ffff:127.0.0.1 - - [05/Aug/2022:03:35:01 +0000] "POST /register HTTP/1.1" 200 87
::1 - - [05/Aug/2022:03:36:50 +0000] "GET /register HTTP/1.1" 200 968
::1 - - [05/Aug/2022:03:36:50 +0000] "GET /css/home/login.css HTTP/1.1" 304 -
::1 - - [05/Aug/2022:03:36:50 +0000] "GET /js/home/register.js HTTP/1.1" 304 -
::1 - - [05/Aug/2022:03:36:54 +0000] "POST /register HTTP/1.1" 200 83
::1 - - [05/Aug/2022:03:38:42 +0000] "POST /register HTTP/1.1" 200 41
::1 - - [05/Aug/2022:03:38:42 +0000] "GET /login HTTP/1.1" 200 816
::1 - - [05/Aug/2022:03:38:42 +0000] "GET /css/home/login.css HTTP/1.1" 304 -
::1 - - [05/Aug/2022:03:38:42 +0000] "GET /js/home/login.js HTTP/1.1" 304 -
::1 - - [05/Aug/2022:03:38:45 +0000] "GET /register HTTP/1.1" 200 968
::1 - - [05/Aug/2022:03:38:45 +0000] "GET /css/home/login.css HTTP/1.1" 304 -
::1 - - [05/Aug/2022:03:38:45 +0000] "GET /js/home/register.js HTTP/1.1" 304 -
::1 - - [05/Aug/2022:03:38:51 +0000] "POST /register HTTP/1.1" 200 110
::1 - - [05/Aug/2022:03:42:02 +0000] "GET /register HTTP/1.1" 200 968
::1 - - [05/Aug/2022:03:42:02 +0000] "GET /css/home/login.css HTTP/1.1" 304 -
::1 - - [05/Aug/2022:03:42:02 +0000] "GET /js/home/register.js HTTP/1.1" 304 -
::1 - - [05/Aug/2022:03:42:06 +0000] "POST /register HTTP/1.1" 200 41
::1 - - [05/Aug/2022:03:42:06 +0000] "GET /login HTTP/1.1" 304 -
::1 - - [05/Aug/2022:03:42:06 +0000] "GET /css/home/login.css HTTP/1.1" 304 -
::1 - - [05/Aug/2022:03:42:06 +0000] "GET /js/home/login.js HTTP/1.1" 304 -
::1 - - [05/Aug/2022:03:42:08 +0000] "GET /register HTTP/1.1" 200 968
::1 - - [05/Aug/2022:03:42:08 +0000] "GET /css/home/login.css HTTP/1.1" 304 -
::1 - - [05/Aug/2022:03:42:08 +0000] "GET /js/home/register.js HTTP/1.1" 304 -
::1 - - [05/Aug/2022:03:42:11 +0000] "POST /register HTTP/1.1" 200 108
::1 - - [05/Aug/2022:03:43:24 +0000] "GET /register HTTP/1.1" 200 968
::1 - - [05/Aug/2022:03:43:25 +0000] "GET /css/home/login.css HTTP/1.1" 304 -
::1 - - [05/Aug/2022:03:43:25 +0000] "GET /js/home/register.js HTTP/1.1" 304 -
::1 - - [05/Aug/2022:03:43:28 +0000] "POST /register HTTP/1.1" 200 108
::1 - - [05/Aug/2022:03:44:12 +0000] "POST /register HTTP/1.1" 200 108
::1 - - [05/Aug/2022:03:44:14 +0000] "GET /register HTTP/1.1" 200 968
::1 - - [05/Aug/2022:03:44:14 +0000] "GET /css/home/login.css HTTP/1.1" 304 -
::1 - - [05/Aug/2022:03:44:14 +0000] "GET /js/home/register.js HTTP/1.1" 200 1229
::1 - - [05/Aug/2022:03:44:17 +0000] "POST /register HTTP/1.1" 200 108
::1 - - [05/Aug/2022:03:44:22 +0000] "POST /register HTTP/1.1" 200 108
::1 - - [05/Aug/2022:03:45:05 +0000] "POST /register HTTP/1.1" 200 108
::1 - - [05/Aug/2022:03:45:05 +0000] "POST /register HTTP/1.1" 200 108
::1 - - [05/Aug/2022:03:45:06 +0000] "GET /register HTTP/1.1" 200 968
::1 - - [05/Aug/2022:03:45:06 +0000] "GET /css/home/login.css HTTP/1.1" 304 -
::1 - - [05/Aug/2022:03:45:06 +0000] "GET /js/home/register.js HTTP/1.1" 200 1234
::ffff:127.0.0.1 - - [05/Aug/2022:03:45:12 +0000] "POST /register HTTP/1.1" 200 108
::1 - - [05/Aug/2022:03:52:29 +0000] "POST /register HTTP/1.1" 200 44
::1 - - [05/Aug/2022:03:53:26 +0000] "POST /register HTTP/1.1" 200 44
::1 - - [05/Aug/2022:03:53:53 +0000] "POST /register HTTP/1.1" 200 44
::1 - - [05/Aug/2022:03:54:01 +0000] "POST /register HTTP/1.1" 200 41
::1 - - [05/Aug/2022:03:54:02 +0000] "GET /login HTTP/1.1" 304 -
::1 - - [05/Aug/2022:03:54:02 +0000] "GET /css/home/login.css HTTP/1.1" 304 -
::1 - - [05/Aug/2022:03:54:02 +0000] "GET /js/home/login.js HTTP/1.1" 304 -
::1 - - [05/Aug/2022:03:54:13 +0000] "GET /register HTTP/1.1" 200 968
::1 - - [05/Aug/2022:03:54:13 +0000] "GET /css/home/login.css HTTP/1.1" 304 -
::1 - - [05/Aug/2022:03:54:13 +0000] "GET /js/home/register.js HTTP/1.1" 304 -
::1 - - [05/Aug/2022:03:54:16 +0000] "POST /register HTTP/1.1" 200 108
::1 - - [05/Aug/2022:03:56:04 +0000] "POST /register HTTP/1.1" 200 108
::1 - - [05/Aug/2022:03:57:19 +0000] "GET /register HTTP/1.1" 200 968
::1 - - [05/Aug/2022:03:57:19 +0000] "GET /css/home/login.css HTTP/1.1" 304 -
::1 - - [05/Aug/2022:03:57:19 +0000] "GET /js/home/register.js HTTP/1.1" 304 -
::1 - - [05/Aug/2022:03:57:21 +0000] "POST /register HTTP/1.1" 200 108
::1 - - [05/Aug/2022:03:57:46 +0000] "GET /register HTTP/1.1" 200 968
::1 - - [05/Aug/2022:03:57:46 +0000] "GET /css/home/login.css HTTP/1.1" 304 -
::1 - - [05/Aug/2022:03:57:46 +0000] "GET /js/home/register.js HTTP/1.1" 304 -
::1 - - [05/Aug/2022:03:58:09 +0000] "POST /register HTTP/1.1" 200 108
::1 - - [05/Aug/2022:03:59:23 +0000] "GET /register HTTP/1.1" 200 968
::1 - - [05/Aug/2022:03:59:23 +0000] "GET /css/home/login.css HTTP/1.1" 304 -
::1 - - [05/Aug/2022:03:59:23 +0000] "GET /js/home/register.js HTTP/1.1" 304 -
::1 - - [05/Aug/2022:03:59:28 +0000] "POST /register HTTP/1.1" 200 108
::1 - - [05/Aug/2022:03:59:41 +0000] "GET /register HTTP/1.1" 200 968
::1 - - [05/Aug/2022:03:59:41 +0000] "GET /css/home/login.css HTTP/1.1" 304 -
::1 - - [05/Aug/2022:03:59:41 +0000] "GET /js/home/register.js HTTP/1.1" 304 -
::1 - - [05/Aug/2022:03:59:46 +0000] "POST /register HTTP/1.1" 200 108
::1 - - [05/Aug/2022:04:00:31 +0000] "POST /register HTTP/1.1" 200 44
::1 - - [05/Aug/2022:04:01:48 +0000] "POST /register HTTP/1.1" 200 108
::1 - - [05/Aug/2022:04:02:42 +0000] "POST /register HTTP/1.1" 200 108
::1 - - [05/Aug/2022:04:07:52 +0000] "POST /register HTTP/1.1" 200 108
::1 - - [05/Aug/2022:04:07:57 +0000] "GET /register HTTP/1.1" 200 968
::1 - - [05/Aug/2022:04:07:57 +0000] "GET /css/home/login.css HTTP/1.1" 304 -
::1 - - [05/Aug/2022:04:07:57 +0000] "GET /js/home/register.js HTTP/1.1" 304 -
::1 - - [05/Aug/2022:04:08:02 +0000] "POST /register HTTP/1.1" 200 108
::1 - - [05/Aug/2022:04:08:22 +0000] "POST /register HTTP/1.1" 200 108
::1 - - [05/Aug/2022:04:08:43 +0000] "POST /register HTTP/1.1" 200 44
::1 - - [05/Aug/2022:04:10:27 +0000] "POST /register HTTP/1.1" 200 44
::1 - - [05/Aug/2022:04:12:32 +0000] "POST /register HTTP/1.1" 200 44
::1 - - [05/Aug/2022:04:13:10 +0000] "POST /register HTTP/1.1" 200 44
::1 - - [05/Aug/2022:04:13:32 +0000] "POST /register HTTP/1.1" 200 44
::1 - - [05/Aug/2022:04:15:32 +0000] "GET /register HTTP/1.1" 200 968
::1 - - [05/Aug/2022:04:15:32 +0000] "GET /css/home/login.css HTTP/1.1" 304 -
::1 - - [05/Aug/2022:04:15:33 +0000] "GET /js/home/register.js HTTP/1.1" 304 -
::1 - - [05/Aug/2022:04:15:36 +0000] "POST /register HTTP/1.1" 200 44
::1 - - [05/Aug/2022:04:15:49 +0000] "POST /register HTTP/1.1" 200 44
::1 - - [05/Aug/2022:04:17:30 +0000] "POST /register HTTP/1.1" 200 63
::1 - - [05/Aug/2022:04:17:58 +0000] "POST /register HTTP/1.1" 200 63
::1 - - [05/Aug/2022:04:18:18 +0000] "GET /login HTTP/1.1" 304 -
::1 - - [05/Aug/2022:04:18:18 +0000] "GET /css/home/login.css HTTP/1.1" 304 -
::1 - - [05/Aug/2022:04:18:18 +0000] "GET /js/home/login.js HTTP/1.1" 304 -
